<?xml version="1.0" encoding="UTF-8"?>
<testsuite xmlns:xsi="http://www.w3.org/2001/XMLSchema-instance" xsi:noNamespaceSchemaLocation="https://maven.apache.org/surefire/maven-surefire-plugin/xsd/surefire-test-report-3.0.xsd" version="3.0" name="com.solar.code.CodeApplicationTests" time="31.491" tests="1" errors="0" skipped="0" failures="0">
  <properties>
[...]
</properties>
  <testcase name="contextLoads" classname="com.solar.code.CodeApplicationTests" time="7.48">
    <system-out><![CDATA[22:51:23.292 [main] INFO org.springframework.test.context.support.AnnotationConfigContextLoaderUtils -- Could not detect default configuration classes for test class [com.solar.code.CodeApplicationTests]: CodeApplicationTests does not declare any static, non-private, non-final, nested classes annotated with @Configuration.
22:51:23.619 [main] INFO org.springframework.boot.test.context.SpringBootTestContextBootstrapper -- Found @SpringBootConfiguration com.solar.code.CodeApplication for test class com.solar.code.CodeApplicationTests

  .   ____          _            __ _ _
 /\\ / ___'_ __ _ _(_)_ __  __ _ \ \ \ \
( ( )\___ | '_ | '_| | '_ \/ _` | \ \ \ \
 \\/  ___)| |_)| | | | | || (_| |  ) ) ) )
  '  |____| .__|_| |_|_| |_\__, | / / / /
 =========|_|==============|___/=/_/_/_/
 :: Spring Boot ::                (v3.2.2)

2025-07-13T22:51:24.765-04:00  INFO 10716 --- [           main] com.solar.code.CodeApplicationTests      : Starting CodeApplicationTests using Java 17.0.15 with PID 10716 (started by basti in C:\Users\basti\proyecto-solar-code-backend)
2025-07-13T22:51:24.767-04:00  INFO 10716 --- [           main] com.solar.code.CodeApplicationTests      : No active profile set, falling back to 1 default profile: "default"
2025-07-13T22:51:27.039-04:00  INFO 10716 --- [           main] .s.d.r.c.RepositoryConfigurationDelegate : Bootstrapping Spring Data JPA repositories in DEFAULT mode.
2025-07-13T22:51:27.174-04:00  INFO 10716 --- [           main] .s.d.r.c.RepositoryConfigurationDelegate : Finished Spring Data repository scanning in 111 ms. Found 7 JPA repository interfaces.
2025-07-13T22:51:28.677-04:00  INFO 10716 --- [           main] o.hibernate.jpa.internal.util.LogHelper  : HHH000204: Processing PersistenceUnitInfo [name: default]
2025-07-13T22:51:28.849-04:00  INFO 10716 --- [           main] org.hibernate.Version                    : HHH000412: Hibernate ORM core version 6.4.1.Final
2025-07-13T22:51:28.914-04:00  INFO 10716 --- [           main] o.h.c.internal.RegionFactoryInitiator    : HHH000026: Second-level cache disabled
2025-07-13T22:51:29.536-04:00  INFO 10716 --- [           main] o.s.o.j.p.SpringPersistenceUnitInfo      : No LoadTimeWeaver setup: ignoring JPA class transformer
2025-07-13T22:51:29.589-04:00  INFO 10716 --- [           main] com.zaxxer.hikari.HikariDataSource       : HikariPool-1 - Starting...
2025-07-13T22:51:33.151-04:00  INFO 10716 --- [           main] com.zaxxer.hikari.pool.HikariPool        : HikariPool-1 - Added connection com.mysql.cj.jdbc.ConnectionImpl@21c99abf
2025-07-13T22:51:33.153-04:00  INFO 10716 --- [           main] com.zaxxer.hikari.HikariDataSource       : HikariPool-1 - Start completed.
2025-07-13T22:51:33.691-04:00  WARN 10716 --- [           main] org.hibernate.orm.deprecation            : HHH90000025: MySQLDialect does not need to be specified explicitly using 'hibernate.dialect' (remove the property setting and it will be selected by default)
2025-07-13T22:51:35.122-04:00  INFO 10716 --- [           main] o.h.e.t.j.p.i.JtaPlatformInitiator       : HHH000489: No JTA platform available (set 'hibernate.transaction.jta.platform' to enable JTA platform integration)
Hibernate: create table billetera (rut varchar(255) not null, saldo integer, primary key (rut)) engine=InnoDB
Hibernate: create table categoria (categoria_id bigint not null auto_increment, descripcion varchar(255), nombre varchar(255), sku varchar(255), primary key (categoria_id)) engine=InnoDB
Hibernate: create table departamento (id_departamento integer not null auto_increment, numero varchar(10), piso integer, torre varchar(50), rut_usuario varchar(20), primary key (id_departamento)) engine=InnoDB
Hibernate: create table gasto_comun (id_gasto integer not null auto_increment, anio integer, descripcion varchar(1000), estado varchar(50), mes varchar(50), monto decimal(38,2), id_departamento integer, primary key (id_gasto)) engine=InnoDB
Hibernate: create table producto (producto_id bigint not null auto_increment, descripcion varchar(2000), ficha_tecnica varchar(255), imagen TEXT, marca varchar(255), nombre varchar(255), precio float(53), sku varchar(255), stock integer, categoria_id bigint, primary key (producto_id)) engine=InnoDB
Hibernate: create table transaccion_billetera (id bigint not null auto_increment, fecha datetime(6), monto integer, rut varchar(255), tipo varchar(255), primary key (id)) engine=InnoDB
Hibernate: create table usuario (rut_usuario varchar(20) not null, clave varchar(1000), correo varchar(1000), nombre varchar(1000), primary key (rut_usuario)) engine=InnoDB
Hibernate: alter table categoria drop index UK_hp3h9784iwmxjxb58l41ti5rr
Hibernate: alter table categoria add constraint UK_hp3h9784iwmxjxb58l41ti5rr unique (sku)
Hibernate: alter table producto drop index UK_clpng6f2m2r9i1y5g2yxajyuq
Hibernate: alter table producto add constraint UK_clpng6f2m2r9i1y5g2yxajyuq unique (sku)
Hibernate: alter table departamento add constraint FKg3nruypht7wcgdej9069pnfw8 foreign key (rut_usuario) references usuario (rut_usuario)
Hibernate: alter table gasto_comun add constraint FKlyknv6mqebblawuvxdcfcdwlr foreign key (id_departamento) references departamento (id_departamento)
Hibernate: alter table producto add constraint FKodqr7965ok9rwquj1utiamt0m foreign key (categoria_id) references categoria (categoria_id)
2025-07-13T22:51:42.809-04:00  INFO 10716 --- [           main] j.LocalContainerEntityManagerFactoryBean : Initialized JPA EntityManagerFactory for persistence unit 'default'
2025-07-13T22:51:43.823-04:00  INFO 10716 --- [           main] o.s.d.j.r.query.QueryEnhancerFactory     : Hibernate is in classpath; If applicable, HQL parser will be used.
2025-07-13T22:51:44.996-04:00  WARN 10716 --- [           main] JpaBaseConfiguration$JpaWebConfiguration : spring.jpa.open-in-view is enabled by default. Therefore, database queries may be performed during view rendering. Explicitly configure spring.jpa.open-in-view to disable this warning
2025-07-13T22:51:46.288-04:00  INFO 10716 --- [           main] o.s.b.a.e.web.EndpointLinksResolver      : Exposing 1 endpoint(s) beneath base path '/actuator'
2025-07-13T22:51:46.394-04:00  INFO 10716 --- [           main] com.solar.code.CodeApplicationTests      : Started CodeApplicationTests in 22.257 seconds (process running for 24.747)
]]></system-out>
  </testcase>
</testsuite>