<?xml version="1.0" encoding="UTF-8"?>
<testsuite xmlns:xsi="http://www.w3.org/2001/XMLSchema-instance" xsi:noNamespaceSchemaLocation="https://maven.apache.org/surefire/maven-surefire-plugin/xsd/surefire-test-report-3.0.xsd" version="3.0" name="com.solar.code.CodeApplicationTests" time="15.258" tests="1" errors="0" skipped="0" failures="0">
  <properties>
[...]
</properties>
  <testcase name="contextLoads" classname="com.solar.code.CodeApplicationTests" time="0.747">
    <system-out><![CDATA[05:59:04.205 [main] INFO org.springframework.test.context.support.AnnotationConfigContextLoaderUtils -- Could not detect default configuration classes for test class [com.solar.code.CodeApplicationTests]: CodeApplicationTests does not declare any static, non-private, non-final, nested classes annotated with @Configuration.
05:59:04.335 [main] INFO org.springframework.boot.test.context.SpringBootTestContextBootstrapper -- Found @SpringBootConfiguration com.solar.code.CodeApplication for test class com.solar.code.CodeApplicationTests

  .   ____          _            __ _ _
 /\\ / ___'_ __ _ _(_)_ __  __ _ \ \ \ \
( ( )\___ | '_ | '_| | '_ \/ _` | \ \ \ \
 \\/  ___)| |_)| | | | | || (_| |  ) ) ) )
  '  |____| .__|_| |_|_| |_\__, | / / / /
 =========|_|==============|___/=/_/_/_/
 :: Spring Boot ::                (v3.2.2)

2025-07-14T05:59:04.895-04:00  INFO 8200 --- [           main] com.solar.code.CodeApplicationTests      : Starting CodeApplicationTests using Java 17.0.15 with PID 8200 (started by basti in C:\Users\basti\proyecto-solar-code-backend)
2025-07-14T05:59:04.897-04:00  INFO 8200 --- [           main] com.solar.code.CodeApplicationTests      : No active profile set, falling back to 1 default profile: "default"
2025-07-14T05:59:06.315-04:00  INFO 8200 --- [           main] .s.d.r.c.RepositoryConfigurationDelegate : Bootstrapping Spring Data JPA repositories in DEFAULT mode.
2025-07-14T05:59:06.425-04:00  INFO 8200 --- [           main] .s.d.r.c.RepositoryConfigurationDelegate : Finished Spring Data repository scanning in 103 ms. Found 8 JPA repository interfaces.
2025-07-14T05:59:07.315-04:00  INFO 8200 --- [           main] o.hibernate.jpa.internal.util.LogHelper  : HHH000204: Processing PersistenceUnitInfo [name: default]
2025-07-14T05:59:07.409-04:00  INFO 8200 --- [           main] org.hibernate.Version                    : HHH000412: Hibernate ORM core version 6.4.1.Final
2025-07-14T05:59:07.471-04:00  INFO 8200 --- [           main] o.h.c.internal.RegionFactoryInitiator    : HHH000026: Second-level cache disabled
2025-07-14T05:59:07.995-04:00  INFO 8200 --- [           main] o.s.o.j.p.SpringPersistenceUnitInfo      : No LoadTimeWeaver setup: ignoring JPA class transformer
2025-07-14T05:59:08.065-04:00  INFO 8200 --- [           main] com.zaxxer.hikari.HikariDataSource       : HikariPool-1 - Starting...
2025-07-14T05:59:10.606-04:00  INFO 8200 --- [           main] com.zaxxer.hikari.pool.HikariPool        : HikariPool-1 - Added connection com.mysql.cj.jdbc.ConnectionImpl@5d68954d
2025-07-14T05:59:10.613-04:00  INFO 8200 --- [           main] com.zaxxer.hikari.HikariDataSource       : HikariPool-1 - Start completed.
2025-07-14T05:59:11.118-04:00  WARN 8200 --- [           main] org.hibernate.orm.deprecation            : HHH90000025: MySQLDialect does not need to be specified explicitly using 'hibernate.dialect' (remove the property setting and it will be selected by default)
2025-07-14T05:59:12.315-04:00  INFO 8200 --- [           main] o.h.e.t.j.p.i.JtaPlatformInitiator       : HHH000489: No JTA platform available (set 'hibernate.transaction.jta.platform' to enable JTA platform integration)
2025-07-14T05:59:15.621-04:00  INFO 8200 --- [           main] j.LocalContainerEntityManagerFactoryBean : Initialized JPA EntityManagerFactory for persistence unit 'default'
2025-07-14T05:59:16.228-04:00  INFO 8200 --- [           main] o.s.d.j.r.query.QueryEnhancerFactory     : Hibernate is in classpath; If applicable, HQL parser will be used.
2025-07-14T05:59:17.227-04:00  WARN 8200 --- [           main] JpaBaseConfiguration$JpaWebConfiguration : spring.jpa.open-in-view is enabled by default. Therefore, database queries may be performed during view rendering. Explicitly configure spring.jpa.open-in-view to disable this warning
2025-07-14T05:59:18.295-04:00  INFO 8200 --- [           main] o.s.b.a.e.web.EndpointLinksResolver      : Exposing 1 endpoint(s) beneath base path '/actuator'
2025-07-14T05:59:18.405-04:00  INFO 8200 --- [           main] com.solar.code.CodeApplicationTests      : Started CodeApplicationTests in 13.875 seconds (process running for 15.144)
]]></system-out>
  </testcase>
</testsuite>